\BOOKMARK [0][-]{chapter*.3}{Abstract}{}% 1
\BOOKMARK [0][-]{chapter.1}{Introduction}{}% 2
\BOOKMARK [1][-]{section.1.1}{Space of course explorers and schedulers}{chapter.1}% 3
\BOOKMARK [1][-]{section.1.2}{Overview of CDCS}{chapter.1}% 4
\BOOKMARK [1][-]{section.1.3}{Overview of Skedge}{chapter.1}% 5
\BOOKMARK [0][-]{chapter.2}{Design as a reaction to CDCS}{}% 6
\BOOKMARK [1][-]{section.2.1}{Modernity}{chapter.2}% 7
\BOOKMARK [1][-]{section.2.2}{Usability}{chapter.2}% 8
\BOOKMARK [1][-]{section.2.3}{Search}{chapter.2}% 9
\BOOKMARK [1][-]{section.2.4}{Social}{chapter.2}% 10
\BOOKMARK [0][-]{chapter.3}{Technical overview}{}% 11
\BOOKMARK [1][-]{section.3.1}{Back-end}{chapter.3}% 12
\BOOKMARK [1][-]{section.3.2}{Front-end}{chapter.3}% 13
\BOOKMARK [1][-]{section.3.3}{Analytics}{chapter.3}% 14
\BOOKMARK [0][-]{chapter.4}{Data analytics}{}% 15
\BOOKMARK [1][-]{section.4.1}{Usage}{chapter.4}% 16
\BOOKMARK [1][-]{section.4.2}{Navigations-per-add}{chapter.4}% 17
\BOOKMARK [1][-]{section.4.3}{Users' search types over time}{chapter.4}% 18
\BOOKMARK [0][-]{chapter.5}{Looking forward}{}% 19
\BOOKMARK [1][-]{section.5.1}{Features}{chapter.5}% 20
\BOOKMARK [1][-]{section.5.2}{Analytics}{chapter.5}% 21
\BOOKMARK [0][-]{chapter.6}{Conclusions}{}% 22
\BOOKMARK [1][-]{section.6.1}{Proposal to the University}{chapter.6}% 23
\BOOKMARK [1][-]{section.6.2}{Resources}{chapter.6}% 24
\BOOKMARK [0][-]{chapter*.23}{Bibliography}{}% 25
